[Fri Jun 26 12:17:55 2026] 找不到聚落 YAML：/data/yaml/settlements/dashiye_temple.yaml
[Fri Jun 26 12:21:30 2026] 找不到聚落 YAML：/data/yaml/settlements/dashiye_temple.yaml
[Fri Jun 26 12:23:07 2026] 找不到聚落 YAML：/data/yaml/settlements/dashiye_temple.yaml
[Fri Jun 26 12:25:58 2026] 找不到聚落 YAML：/data/yaml/settlements/minxiong_market.yaml
[Fri Jun 26 12:25:58 2026] 找不到聚落 YAML：/data/yaml/settlements/minxiong_market.yaml
[Fri Jun 26 12:26:25 2026] 找不到聚落 YAML：/data/yaml/settlements/minxiong_market.yaml
[Fri Jun 26 12:26:25 2026] 找不到聚落 YAML：/data/yaml/settlements/dashiye_temple.yaml
[Fri Jun 26 12:27:07 2026] 找不到聚落 YAML：/data/yaml/settlements/minxiong_market.yaml
[Fri Jun 26 12:27:07 2026] 找不到聚落 YAML：/data/yaml/settlements/dashiye_temple.yaml
[Fri Jun 26 12:27:27 2026] 找不到聚落 YAML：/data/yaml/settlements/minxiong_market.yaml
[Fri Jun 26 12:27:27 2026] 找不到聚落 YAML：/data/yaml/settlements/dashiye_temple.yaml
[Fri Jun 26 12:27:54 2026] 找不到聚落 YAML：/data/yaml/settlements/minxiong_market.yaml
[Fri Jun 26 12:27:54 2026] 找不到聚落 YAML：/data/yaml/settlements/dashiye_temple.yaml
[Fri Jun 26 12:28:50 2026] 找不到聚落 YAML：/data/yaml/settlements/minxiong_market.yaml
[Fri Jun 26 12:28:50 2026] 找不到聚落 YAML：/data/yaml/settlements/dashiye_temple.yaml
[Fri Jun 26 12:29:07 2026] 找不到聚落 YAML：/data/yaml/settlements/minxiong_market.yaml
[Fri Jun 26 12:29:07 2026] 找不到聚落 YAML：/data/yaml/settlements/dashiye_temple.yaml
[Fri Jun 26 12:31:21 2026] 找不到聚落 YAML：/data/yaml/settlements/minxiong_market.yaml
[Fri Jun 26 12:31:21 2026] 找不到聚落 YAML：/data/yaml/settlements/dashiye_temple.yaml
[Fri Jun 26 12:31:22 2026] 找不到聚落 YAML：/data/yaml/settlements/minxiong_market.yaml
[Fri Jun 26 12:31:22 2026] 找不到聚落 YAML：/data/yaml/settlements/minxiong_market.yaml
[Fri Jun 26 12:31:22 2026] 找不到聚落 YAML：/data/yaml/settlements/dashiye_temple.yaml
[Fri Jun 26 12:31:34 2026] 找不到聚落 YAML：/data/yaml/settlements/minxiong_market.yaml
[Fri Jun 26 12:31:35 2026] 找不到聚落 YAML：/data/yaml/settlements/dashiye_temple.yaml
[Fri Jun 26 12:31:35 2026] 找不到聚落 YAML：/data/yaml/settlements/minxiong_market.yaml
[Fri Jun 26 12:31:35 2026] 找不到聚落 YAML：/data/yaml/settlements/minxiong_market.yaml
[Fri Jun 26 12:31:35 2026] 找不到聚落 YAML：/data/yaml/settlements/dashiye_temple.yaml
[Fri Jun 26 12:32:43 2026] 找不到聚落 YAML：/data/yaml/settlements/dashiye_temple.yaml
[Fri Jun 26 12:37:19 2026] 找不到聚落 YAML：/data/yaml/settlements/dashiye_temple.yaml
[Fri Jun 26 12:37:20 2026] 找不到聚落 YAML：/data/yaml/settlements/minxiong_market.yaml
[Fri Jun 26 12:37:46 2026] 找不到聚落 YAML：/data/yaml/settlements/minxiong_market.yaml
[Fri Jun 26 12:37:46 2026] 找不到聚落 YAML：/data/yaml/settlements/minxiong_old_station.yaml
[Fri Jun 26 12:38:13 2026] 找不到聚落 YAML：/data/yaml/settlements/minxiong_old_station.yaml
[Fri Jun 26 12:38:14 2026] 找不到聚落 YAML：/data/yaml/settlements/minxiong_market.yaml
[Fri Jun 26 12:38:43 2026] 找不到聚落 YAML：/data/yaml/settlements/site.yaml
[Fri Jun 26 12:44:13 2026] 找不到聚落 YAML：/data/yaml/settlements/minxiong_old_station.yaml
[Fri Jun 26 12:44:16 2026] 聚落 minxiong 記憶值低於 30%，禁止升級。
[Fri Jun 26 12:44:46 2026] 找不到聚落 YAML：/data/yaml/settlements/minxiong_old_station.yaml
[Fri Jun 26 12:44:46 2026] 找不到聚落 YAML：/data/yaml/settlements/minxiong_market.yaml
[Fri Jun 26 12:45:21 2026] 找不到聚落 YAML：/data/yaml/settlements/minxiong_market.yaml
[Fri Jun 26 12:45:23 2026] 找不到聚落 YAML：/data/yaml/settlements/dashiye_temple.yaml
[Fri Jun 26 12:45:24 2026] 聚落 minxiong 記憶值低於 30%，禁止升級。
[Fri Jun 26 12:47:38 2026] 找不到聚落 YAML：/data/yaml/settlements/site.yaml
[Fri Jun 26 12:48:20 2026] 找不到聚落 YAML：/data/yaml/settlements/site.yaml
[Fri Jun 26 12:51:19 2026] 找不到聚落 YAML：/data/yaml/settlements/minxiong_market.yaml
[Fri Jun 26 12:51:19 2026] 找不到聚落 YAML：/data/yaml/settlements/dashiye_temple.yaml
[Fri Jun 26 12:51:19 2026] 找不到聚落 YAML：/data/yaml/settlements/minxiong_market.yaml
[Fri Jun 26 12:51:19 2026] 找不到聚落 YAML：/data/yaml/settlements/minxiong_market.yaml
[Fri Jun 26 12:51:19 2026] 找不到聚落 YAML：/data/yaml/settlements/dashiye_temple.yaml
[Fri Jun 26 12:53:15 2026] 找不到聚落 YAML：/data/yaml/settlements/minxiong_old_station.yaml
[Fri Jun 26 12:53:57 2026] 找不到聚落 YAML：/data/yaml/settlements/dashiye_temple.yaml
[Fri Jun 26 12:55:34 2026] 找不到聚落 YAML：/data/yaml/settlements/minxiong_market.yaml
[Fri Jun 26 12:55:34 2026] 找不到聚落 YAML：/data/yaml/settlements/dashiye_temple.yaml
[Fri Jun 26 12:55:34 2026] 找不到聚落 YAML：/data/yaml/settlements/minxiong_market.yaml
[Fri Jun 26 12:55:34 2026] 找不到聚落 YAML：/data/yaml/settlements/minxiong_market.yaml
[Fri Jun 26 12:55:34 2026] 找不到聚落 YAML：/data/yaml/settlements/dashiye_temple.yaml
[Fri Jun 26 12:55:55 2026] 找不到聚落 YAML：/data/yaml/settlements/minxiong_market.yaml
[Fri Jun 26 12:55:55 2026] 找不到聚落 YAML：/data/yaml/settlements/dashiye_temple.yaml
[Fri Jun 26 12:55:55 2026] 找不到聚落 YAML：/data/yaml/settlements/minxiong_market.yaml
[Fri Jun 26 12:55:55 2026] 找不到聚落 YAML：/data/yaml/settlements/minxiong_market.yaml
[Fri Jun 26 12:55:55 2026] 找不到聚落 YAML：/data/yaml/settlements/dashiye_temple.yaml
[Fri Jun 26 12:56:19 2026] 找不到聚落 YAML：/data/yaml/settlements/minxiong_market.yaml
[Fri Jun 26 12:56:19 2026] 找不到聚落 YAML：/data/yaml/settlements/dashiye_temple.yaml
[Fri Jun 26 12:56:19 2026] 找不到聚落 YAML：/data/yaml/settlements/minxiong_market.yaml
[Fri Jun 26 12:56:20 2026] 找不到聚落 YAML：/data/yaml/settlements/minxiong_market.yaml
[Fri Jun 26 12:56:20 2026] 找不到聚落 YAML：/data/yaml/settlements/dashiye_temple.yaml
[Fri Jun 26 12:56:35 2026] 找不到聚落 YAML：/data/yaml/settlements/minxiong_market.yaml
[Fri Jun 26 12:56:35 2026] 找不到聚落 YAML：/data/yaml/settlements/dashiye_temple.yaml
[Fri Jun 26 12:56:36 2026] 找不到聚落 YAML：/data/yaml/settlements/minxiong_market.yaml
[Fri Jun 26 12:56:36 2026] 找不到聚落 YAML：/data/yaml/settlements/minxiong_market.yaml
[Fri Jun 26 12:56:36 2026] 找不到聚落 YAML：/data/yaml/settlements/dashiye_temple.yaml
[Fri Jun 26 12:57:08 2026] 找不到聚落 YAML：/data/yaml/settlements/minxiong_market.yaml
[Fri Jun 26 12:57:08 2026] 找不到聚落 YAML：/data/yaml/settlements/dashiye_temple.yaml
[Fri Jun 26 12:57:08 2026] 找不到聚落 YAML：/data/yaml/settlements/dashiye_temple.yaml
[Fri Jun 26 12:57:08 2026] 找不到聚落 YAML：/data/yaml/settlements/minxiong_market.yaml
[Fri Jun 26 12:57:08 2026] 找不到聚落 YAML：/data/yaml/settlements/minxiong_market.yaml
[Fri Jun 26 12:57:08 2026] 找不到聚落 YAML：/data/yaml/settlements/dashiye_temple.yaml
[Fri Jun 26 12:57:36 2026] 找不到聚落 YAML：/data/yaml/settlements/minxiong_market.yaml
[Fri Jun 26 12:57:36 2026] 找不到聚落 YAML：/data/yaml/settlements/dashiye_temple.yaml
[Fri Jun 26 12:57:36 2026] 找不到聚落 YAML：/data/yaml/settlements/dashiye_temple.yaml
[Fri Jun 26 12:57:36 2026] 找不到聚落 YAML：/data/yaml/settlements/minxiong_market.yaml
[Fri Jun 26 12:57:36 2026] 找不到聚落 YAML：/data/yaml/settlements/minxiong_market.yaml
[Fri Jun 26 12:57:36 2026] 找不到聚落 YAML：/data/yaml/settlements/dashiye_temple.yaml
[Fri Jun 26 12:58:03 2026] 找不到聚落 YAML：/data/yaml/settlements/minxiong_market.yaml
[Fri Jun 26 12:58:03 2026] 找不到聚落 YAML：/data/yaml/settlements/dashiye_temple.yaml
[Fri Jun 26 12:58:03 2026] 找不到聚落 YAML：/data/yaml/settlements/dashiye_temple.yaml
[Fri Jun 26 12:58:03 2026] 找不到聚落 YAML：/data/yaml/settlements/dashiye_temple.yaml
[Fri Jun 26 12:58:03 2026] 找不到聚落 YAML：/data/yaml/settlements/minxiong_market.yaml
[Fri Jun 26 12:58:03 2026] 找不到聚落 YAML：/data/yaml/settlements/minxiong_market.yaml
[Fri Jun 26 12:58:03 2026] 找不到聚落 YAML：/data/yaml/settlements/dashiye_temple.yaml
[Fri Jun 26 12:58:21 2026] 找不到聚落 YAML：/data/yaml/settlements/minxiong_market.yaml
[Fri Jun 26 12:58:22 2026] 找不到聚落 YAML：/data/yaml/settlements/dashiye_temple.yaml
[Fri Jun 26 12:58:22 2026] 找不到聚落 YAML：/data/yaml/settlements/dashiye_temple.yaml
[Fri Jun 26 12:58:22 2026] 找不到聚落 YAML：/data/yaml/settlements/dashiye_temple.yaml
[Fri Jun 26 12:58:22 2026] 找不到聚落 YAML：/data/yaml/settlements/minxiong_market.yaml
[Fri Jun 26 12:58:22 2026] 找不到聚落 YAML：/data/yaml/settlements/minxiong_market.yaml
[Fri Jun 26 12:58:22 2026] 找不到聚落 YAML：/data/yaml/settlements/dashiye_temple.yaml
[Fri Jun 26 12:58:45 2026] 找不到聚落 YAML：/data/yaml/settlements/dashiye_temple.yaml
[Fri Jun 26 12:59:12 2026] 找不到聚落 YAML：/data/yaml/settlements/dashiye_temple.yaml
[Fri Jun 26 12:59:13 2026] 找不到聚落 YAML：/data/yaml/settlements/minxiong_market.yaml
[Fri Jun 26 13:00:38 2026] 找不到聚落 YAML：/data/yaml/settlements/minxiong_market.yaml
[Fri Jun 26 13:00:38 2026] 找不到聚落 YAML：/data/yaml/settlements/dashiye_temple.yaml
[Fri Jun 26 13:00:38 2026] 找不到聚落 YAML：/data/yaml/settlements/dashiye_temple.yaml
[Fri Jun 26 13:00:38 2026] 找不到聚落 YAML：/data/yaml/settlements/dashiye_temple.yaml
[Fri Jun 26 13:00:38 2026] 找不到聚落 YAML：/data/yaml/settlements/minxiong_market.yaml
[Fri Jun 26 13:00:38 2026] 找不到聚落 YAML：/data/yaml/settlements/minxiong_market.yaml
[Fri Jun 26 13:00:38 2026] 找不到聚落 YAML：/data/yaml/settlements/dashiye_temple.yaml
[Fri Jun 26 13:02:20 2026] 找不到聚落 YAML：/data/yaml/settlements/minxiong_market.yaml
[Fri Jun 26 13:02:20 2026] 找不到聚落 YAML：/data/yaml/settlements/dashiye_temple.yaml
[Fri Jun 26 13:02:20 2026] 找不到聚落 YAML：/data/yaml/settlements/dashiye_temple.yaml
[Fri Jun 26 13:02:20 2026] 找不到聚落 YAML：/data/yaml/settlements/dashiye_temple.yaml
[Fri Jun 26 13:02:20 2026] 找不到聚落 YAML：/data/yaml/settlements/minxiong_market.yaml
[Fri Jun 26 13:02:20 2026] 找不到聚落 YAML：/data/yaml/settlements/temple.yaml
[Fri Jun 26 13:02:20 2026] 找不到聚落 YAML：/data/yaml/settlements/minxiong_market.yaml
[Fri Jun 26 13:02:20 2026] 找不到聚落 YAML：/data/yaml/settlements/temple.yaml
[Fri Jun 26 13:02:20 2026] 找不到聚落 YAML：/data/yaml/settlements/dashiye_temple.yaml
[Fri Jun 26 13:03:15 2026] 找不到聚落 YAML：/data/yaml/settlements/dashiye_temple.yaml
[Fri Jun 26 13:03:27 2026] 找不到聚落 YAML：/data/yaml/settlements/dashiye_temple.yaml
[Fri Jun 26 13:03:42 2026] 找不到聚落 YAML：/data/yaml/settlements/dashiye_temple.yaml
[Fri Jun 26 13:03:43 2026] 找不到聚落 YAML：/data/yaml/settlements/minxiong_market.yaml
[Fri Jun 26 13:03:43 2026] 找不到聚落 YAML：/data/yaml/settlements/temple.yaml
[Fri Jun 26 13:04:57 2026] 找不到聚落 YAML：/data/yaml/settlements/minxiong_market.yaml
[Fri Jun 26 13:04:57 2026] 找不到聚落 YAML：/data/yaml/settlements/dashiye_temple.yaml
[Fri Jun 26 13:04:57 2026] 找不到聚落 YAML：/data/yaml/settlements/dashiye_temple.yaml
[Fri Jun 26 13:04:57 2026] 找不到聚落 YAML：/data/yaml/settlements/dashiye_temple.yaml
[Fri Jun 26 13:04:57 2026] 找不到聚落 YAML：/data/yaml/settlements/minxiong_market.yaml
[Fri Jun 26 13:04:57 2026] 找不到聚落 YAML：/data/yaml/settlements/temple.yaml
[Fri Jun 26 13:04:57 2026] 找不到聚落 YAML：/data/yaml/settlements/minxiong_market.yaml
[Fri Jun 26 13:04:57 2026] 找不到聚落 YAML：/data/yaml/settlements/temple.yaml
[Fri Jun 26 13:04:57 2026] 找不到聚落 YAML：/data/yaml/settlements/dashiye_temple.yaml
[Fri Jun 26 13:05:25 2026] 找不到聚落 YAML：/data/yaml/settlements/minxiong_market.yaml
[Fri Jun 26 13:05:25 2026] 找不到聚落 YAML：/data/yaml/settlements/dashiye_temple.yaml
[Fri Jun 26 13:05:25 2026] 找不到聚落 YAML：/data/yaml/settlements/dashiye_temple.yaml
[Fri Jun 26 13:05:25 2026] 找不到聚落 YAML：/data/yaml/settlements/dashiye_temple.yaml
[Fri Jun 26 13:05:25 2026] 找不到聚落 YAML：/data/yaml/settlements/minxiong_market.yaml
[Fri Jun 26 13:05:25 2026] 找不到聚落 YAML：/data/yaml/settlements/temple.yaml
[Fri Jun 26 13:05:25 2026] 找不到聚落 YAML：/data/yaml/settlements/minxiong_market.yaml
[Fri Jun 26 13:05:25 2026] 找不到聚落 YAML：/data/yaml/settlements/temple.yaml
[Fri Jun 26 13:05:25 2026] 找不到聚落 YAML：/data/yaml/settlements/dashiye_temple.yaml
[Fri Jun 26 13:05:46 2026] 找不到聚落 YAML：/data/yaml/settlements/minxiong_market.yaml
[Fri Jun 26 13:05:46 2026] 找不到聚落 YAML：/data/yaml/settlements/dashiye_temple.yaml
[Fri Jun 26 13:05:46 2026] 找不到聚落 YAML：/data/yaml/settlements/dashiye_temple.yaml
[Fri Jun 26 13:05:46 2026] 找不到聚落 YAML：/data/yaml/settlements/dashiye_temple.yaml
[Fri Jun 26 13:05:46 2026] 找不到聚落 YAML：/data/yaml/settlements/minxiong_market.yaml
[Fri Jun 26 13:05:46 2026] 找不到聚落 YAML：/data/yaml/settlements/temple.yaml
[Fri Jun 26 13:05:46 2026] 找不到聚落 YAML：/data/yaml/settlements/minxiong_market.yaml
[Fri Jun 26 13:05:46 2026] 找不到聚落 YAML：/data/yaml/settlements/temple.yaml
[Fri Jun 26 13:05:46 2026] 找不到聚落 YAML：/data/yaml/settlements/dashiye_temple.yaml
[Fri Jun 26 13:05:58 2026] 找不到聚落 YAML：/data/yaml/settlements/minxiong_market.yaml
[Fri Jun 26 13:05:58 2026] 找不到聚落 YAML：/data/yaml/settlements/dashiye_temple.yaml
[Fri Jun 26 13:05:58 2026] 找不到聚落 YAML：/data/yaml/settlements/dashiye_temple.yaml
[Fri Jun 26 13:05:58 2026] 找不到聚落 YAML：/data/yaml/settlements/dashiye_temple.yaml
[Fri Jun 26 13:05:58 2026] 找不到聚落 YAML：/data/yaml/settlements/minxiong_market.yaml
[Fri Jun 26 13:05:58 2026] 找不到聚落 YAML：/data/yaml/settlements/temple.yaml
[Fri Jun 26 13:05:58 2026] 找不到聚落 YAML：/data/yaml/settlements/minxiong_market.yaml
[Fri Jun 26 13:05:58 2026] 找不到聚落 YAML：/data/yaml/settlements/temple.yaml
[Fri Jun 26 13:05:58 2026] 找不到聚落 YAML：/data/yaml/settlements/dashiye_temple.yaml
[Fri Jun 26 13:06:54 2026] 找不到聚落 YAML：/data/yaml/settlements/minxiong_market.yaml
[Fri Jun 26 13:06:54 2026] 找不到聚落 YAML：/data/yaml/settlements/dashiye_temple.yaml
[Fri Jun 26 13:06:54 2026] 找不到聚落 YAML：/data/yaml/settlements/dashiye_temple.yaml
[Fri Jun 26 13:06:54 2026] 找不到聚落 YAML：/data/yaml/settlements/dashiye_temple.yaml
[Fri Jun 26 13:06:54 2026] 找不到聚落 YAML：/data/yaml/settlements/minxiong_market.yaml
[Fri Jun 26 13:06:54 2026] 找不到聚落 YAML：/data/yaml/settlements/temple.yaml
[Fri Jun 26 13:06:54 2026] 找不到聚落 YAML：/data/yaml/settlements/minxiong_market.yaml
[Fri Jun 26 13:06:54 2026] 找不到聚落 YAML：/data/yaml/settlements/temple.yaml
[Fri Jun 26 13:06:54 2026] 找不到聚落 YAML：/data/yaml/settlements/dashiye_temple.yaml
[Fri Jun 26 13:07:20 2026] 找不到聚落 YAML：/data/yaml/settlements/minxiong_market.yaml
[Fri Jun 26 13:07:20 2026] 找不到聚落 YAML：/data/yaml/settlements/dashiye_temple.yaml
[Fri Jun 26 13:07:20 2026] 找不到聚落 YAML：/data/yaml/settlements/dashiye_temple.yaml
[Fri Jun 26 13:07:20 2026] 找不到聚落 YAML：/data/yaml/settlements/dashiye_temple.yaml
[Fri Jun 26 13:07:20 2026] 找不到聚落 YAML：/data/yaml/settlements/minxiong_market.yaml
[Fri Jun 26 13:07:20 2026] 找不到聚落 YAML：/data/yaml/settlements/temple.yaml
[Fri Jun 26 13:07:20 2026] 找不到聚落 YAML：/data/yaml/settlements/minxiong_market.yaml
[Fri Jun 26 13:07:20 2026] 找不到聚落 YAML：/data/yaml/settlements/temple.yaml
[Fri Jun 26 13:07:20 2026] 找不到聚落 YAML：/data/yaml/settlements/dashiye_temple.yaml
